[2025-03-24 06:55:23,064: INFO: main: Welcome to our log]
[2025-03-24 11:53:21,962: INFO: common: yaml file: config\config.yaml loaded successfully]
[2025-03-24 11:53:21,984: INFO: common: yaml file: params.yaml loaded successfully]
[2025-03-24 11:53:33,239: INFO: common: yaml file: config\config.yaml loaded successfully]
[2025-03-24 11:53:33,241: INFO: common: yaml file: params.yaml loaded successfully]
[2025-03-24 11:54:16,030: INFO: common: yaml file: config\config.yaml loaded successfully]
[2025-03-24 11:54:16,032: INFO: common: yaml file: params.yaml loaded successfully]
[2025-03-24 12:32:04,805: INFO: common: yaml file: config\config.yaml loaded successfully]
[2025-03-24 12:32:04,813: INFO: common: yaml file: params.yaml loaded successfully]
[2025-03-24 13:02:51,855: INFO: common: yaml file: config\config.yaml loaded successfully]
[2025-03-24 13:02:51,865: INFO: common: yaml file: params.yaml loaded successfully]
[2025-03-24 13:10:34,678: INFO: common: yaml file: config\config.yaml loaded successfully]
[2025-03-24 13:10:34,689: INFO: common: yaml file: params.yaml loaded successfully]
[2025-03-24 13:11:08,162: INFO: common: yaml file: config\config.yaml loaded successfully]
[2025-03-24 13:11:08,164: INFO: common: yaml file: params.yaml loaded successfully]
[2025-03-24 13:26:33,406: INFO: main: Welcome to our log]
[2025-03-24 15:19:26,320: INFO: common: yaml file: config\config.yaml loaded successfully]
[2025-03-24 15:19:26,335: INFO: common: yaml file: params.yaml loaded successfully]
[2025-03-24 15:26:02,746: INFO: common: yaml file: config\config.yaml loaded successfully]
[2025-03-24 15:26:02,756: INFO: common: yaml file: params.yaml loaded successfully]
[2025-03-24 15:26:33,439: INFO: common: yaml file: config\config.yaml loaded successfully]
[2025-03-24 15:26:33,441: INFO: common: yaml file: params.yaml loaded successfully]
[2025-03-24 15:29:42,171: INFO: common: yaml file: config\config.yaml loaded successfully]
[2025-03-24 15:29:42,174: INFO: common: yaml file: params.yaml loaded successfully]
[2025-03-24 15:29:42,176: INFO: common: created directory at: artifacts]
[2025-03-24 15:29:42,179: INFO: common: created directory at: artifacts/data_ingestion]
[2025-03-24 15:29:42,181: INFO: 986331348: Downloading data from https://drive.google.com/file/d/1vlhZ5c7abUKF8xXERIw6m9Te8fW7ohw3/view?usp=sharing into file artifacts/data_ingestion/data.zip]
[2025-03-24 15:29:46,126: INFO: 986331348: Downloaded data from https://drive.google.com/file/d/1vlhZ5c7abUKF8xXERIw6m9Te8fW7ohw3/view?usp=sharing into file artifacts/data_ingestion/data.zip]
[2025-03-24 15:57:51,317: INFO: main: >>>>>> stage Data Ingestion stage started <<<<<<]
[2025-03-24 15:57:51,317: ERROR: main: Return value of <function read_yaml at 0x000002B43419CDC0> of type <class 'NoneType'> does not match annotation type <class 'box.config_box.ConfigBox'>]
Traceback (most recent call last):
  File "C:\Users\bayir\Documents\Kidney_Disease_Detection\main.py", line 9, in <module>
    data_ingestion.main()
  File "c:\users\bayir\documents\kidney_disease_detection\src\CnnClassifier\pipeline\stage_01_data_ingestion.py", line 13, in main
    config = ConfigurationManager()
  File "c:\users\bayir\documents\kidney_disease_detection\src\CnnClassifier\config\configuration.py", line 15, in __init__
    self.config = read_yaml(config_filepath)
  File "C:\Users\bayir\anaconda3\envs\kideny\lib\site-packages\ensure\main.py", line 875, in __call__
    raise EnsureError(msg.format(f=self.f, t=self.return_templ, valt=type(return_val)))
ensure.main.EnsureError: Return value of <function read_yaml at 0x000002B43419CDC0> of type <class 'NoneType'> does not match annotation type <class 'box.config_box.ConfigBox'>
[2025-03-24 16:01:33,040: INFO: common: yaml file: config\config.yaml loaded successfully]
[2025-03-24 16:01:33,050: INFO: common: yaml file: params.yaml loaded successfully]
[2025-03-24 16:01:33,055: INFO: common: created directory at: artifacts]
[2025-03-24 16:01:33,058: INFO: common: created directory at: artifacts/data_ingestion]
[2025-03-24 16:01:33,061: INFO: 986331348: Downloading data from https://drive.google.com/file/d/1vlhZ5c7abUKF8xXERIw6m9Te8fW7ohw3/view?usp=sharing into file artifacts/data_ingestion/data.zip]
[2025-03-24 16:01:39,164: INFO: 986331348: Downloaded data from https://drive.google.com/file/d/1vlhZ5c7abUKF8xXERIw6m9Te8fW7ohw3/view?usp=sharing into file artifacts/data_ingestion/data.zip]
[2025-03-24 16:02:52,800: INFO: main: >>>>>> stage Data Ingestion stage started <<<<<<]
[2025-03-24 16:02:52,816: ERROR: main: Return value of <function read_yaml at 0x000002CB7E5ECC10> of type <class 'NoneType'> does not match annotation type <class 'box.config_box.ConfigBox'>]
Traceback (most recent call last):
  File "C:\Users\bayir\Documents\Kidney_Disease_Detection\main.py", line 9, in <module>
    data_ingestion.main()
  File "c:\users\bayir\documents\kidney_disease_detection\src\CnnClassifier\pipeline\stage_01_data_ingestion.py", line 13, in main
    config = ConfigurationManager()
  File "c:\users\bayir\documents\kidney_disease_detection\src\CnnClassifier\config\configuration.py", line 15, in __init__
    self.config = read_yaml(config_filepath)
  File "C:\Users\bayir\anaconda3\envs\kideny\lib\site-packages\ensure\main.py", line 875, in __call__
    raise EnsureError(msg.format(f=self.f, t=self.return_templ, valt=type(return_val)))
ensure.main.EnsureError: Return value of <function read_yaml at 0x000002CB7E5ECC10> of type <class 'NoneType'> does not match annotation type <class 'box.config_box.ConfigBox'>
[2025-03-24 16:04:26,421: INFO: main: >>>>>> stage Data Ingestion stage started <<<<<<]
[2025-03-24 16:04:26,421: ERROR: main: Return value of <function read_yaml at 0x000002462FA8CDC0> of type <class 'NoneType'> does not match annotation type <class 'box.config_box.ConfigBox'>]
Traceback (most recent call last):
  File "C:\Users\bayir\Documents\Kidney_Disease_Detection\main.py", line 9, in <module>
    data_ingestion.main()
  File "c:\users\bayir\documents\kidney_disease_detection\src\CnnClassifier\pipeline\stage_01_data_ingestion.py", line 13, in main
    config = ConfigurationManager()
  File "c:\users\bayir\documents\kidney_disease_detection\src\CnnClassifier\config\configuration.py", line 15, in __init__
    self.config = read_yaml(config_filepath)
  File "C:\Users\bayir\anaconda3\envs\kideny\lib\site-packages\ensure\main.py", line 875, in __call__
    raise EnsureError(msg.format(f=self.f, t=self.return_templ, valt=type(return_val)))
ensure.main.EnsureError: Return value of <function read_yaml at 0x000002462FA8CDC0> of type <class 'NoneType'> does not match annotation type <class 'box.config_box.ConfigBox'>
[2025-03-24 16:04:54,188: INFO: main: >>>>>> stage Data Ingestion stage started <<<<<<]
[2025-03-24 16:04:54,188: ERROR: main: Return value of <function read_yaml at 0x00000221724CCB80> of type <class 'NoneType'> does not match annotation type <class 'box.config_box.ConfigBox'>]
Traceback (most recent call last):
  File "C:\Users\bayir\Documents\Kidney_Disease_Detection\main.py", line 11, in <module>
    data_ingestion.main()
  File "c:\users\bayir\documents\kidney_disease_detection\src\CnnClassifier\pipeline\stage_01_data_ingestion.py", line 13, in main
    config = ConfigurationManager()
  File "c:\users\bayir\documents\kidney_disease_detection\src\CnnClassifier\config\configuration.py", line 15, in __init__
    self.config = read_yaml(config_filepath)
  File "C:\Users\bayir\anaconda3\envs\kideny\lib\site-packages\ensure\main.py", line 875, in __call__
    raise EnsureError(msg.format(f=self.f, t=self.return_templ, valt=type(return_val)))
ensure.main.EnsureError: Return value of <function read_yaml at 0x00000221724CCB80> of type <class 'NoneType'> does not match annotation type <class 'box.config_box.ConfigBox'>
[2025-03-24 16:06:19,127: INFO: main: >>>>>> stage Data Ingestion stage started <<<<<<]
[2025-03-24 16:06:19,129: ERROR: main: Return value of <function read_yaml at 0x00000233752DCB80> of type <class 'NoneType'> does not match annotation type <class 'box.config_box.ConfigBox'>]
Traceback (most recent call last):
  File "C:\Users\bayir\Documents\Kidney_Disease_Detection\main.py", line 11, in <module>
    data_ingestion.main()
  File "c:\users\bayir\documents\kidney_disease_detection\src\CnnClassifier\pipeline\stage_01_data_ingestion.py", line 13, in main
    config = ConfigurationManager()
  File "c:\users\bayir\documents\kidney_disease_detection\src\CnnClassifier\config\configuration.py", line 15, in __init__
    self.config = read_yaml(config_filepath)
  File "C:\Users\bayir\anaconda3\envs\kideny\lib\site-packages\ensure\main.py", line 875, in __call__
    raise EnsureError(msg.format(f=self.f, t=self.return_templ, valt=type(return_val)))
ensure.main.EnsureError: Return value of <function read_yaml at 0x00000233752DCB80> of type <class 'NoneType'> does not match annotation type <class 'box.config_box.ConfigBox'>
[2025-03-24 16:06:59,049: INFO: main: >>>>>> stage Data Ingestion stage started <<<<<<]
[2025-03-24 16:06:59,049: ERROR: main: Return value of <function read_yaml at 0x0000022561E208B0> of type <class 'NoneType'> does not match annotation type <class 'box.box.Box'>]
Traceback (most recent call last):
  File "C:\Users\bayir\Documents\Kidney_Disease_Detection\main.py", line 11, in <module>
    data_ingestion.main()
  File "c:\users\bayir\documents\kidney_disease_detection\src\CnnClassifier\pipeline\stage_01_data_ingestion.py", line 13, in main
    config = ConfigurationManager()
  File "c:\users\bayir\documents\kidney_disease_detection\src\CnnClassifier\config\configuration.py", line 15, in __init__
    self.config = read_yaml(config_filepath)
  File "C:\Users\bayir\anaconda3\envs\kideny\lib\site-packages\ensure\main.py", line 875, in __call__
    raise EnsureError(msg.format(f=self.f, t=self.return_templ, valt=type(return_val)))
ensure.main.EnsureError: Return value of <function read_yaml at 0x0000022561E208B0> of type <class 'NoneType'> does not match annotation type <class 'box.box.Box'>
[2025-03-24 16:17:16,028: INFO: main: >>>>>> stage Data Ingestion stage started <<<<<<]
[2025-03-24 16:17:16,044: INFO: common: created directory at: artifacts]
[2025-03-24 16:17:16,046: INFO: common: created directory at: artifacts/data_ingestion]
[2025-03-24 16:17:16,047: INFO: data_ingestion: Downloading data from https://drive.google.com/file/d/1vlhZ5c7abUKF8xXERIw6m9Te8fW7ohw3/view?usp=sharing into file artifacts/data_ingestion/data.zip]
[2025-03-24 16:17:21,979: INFO: data_ingestion: Downloaded data from https://drive.google.com/file/d/1vlhZ5c7abUKF8xXERIw6m9Te8fW7ohw3/view?usp=sharing into file artifacts/data_ingestion/data.zip]
[2025-03-24 16:17:26,718: INFO: main: >>>>>> stage Data Ingestion stage completed <<<<<<

x==========x]
[2025-03-24 16:17:48,198: INFO: main: >>>>>> stage Data Ingestion stage started <<<<<<]
[2025-03-24 16:17:48,202: INFO: common: created directory at: artifacts]
[2025-03-24 16:17:48,203: INFO: common: created directory at: artifacts/data_ingestion]
[2025-03-24 16:17:48,204: INFO: data_ingestion: Downloading data from https://drive.google.com/file/d/1vlhZ5c7abUKF8xXERIw6m9Te8fW7ohw3/view?usp=sharing into file artifacts/data_ingestion/data.zip]
[2025-03-24 16:17:54,248: INFO: data_ingestion: Downloaded data from https://drive.google.com/file/d/1vlhZ5c7abUKF8xXERIw6m9Te8fW7ohw3/view?usp=sharing into file artifacts/data_ingestion/data.zip]
[2025-03-24 16:18:00,265: INFO: main: >>>>>> stage Data Ingestion stage completed <<<<<<

x==========x]
[2025-03-25 07:55:04,765: INFO: common: created directory at: artifacts]
[2025-03-25 07:55:04,771: INFO: common: created directory at: artifacts/prepare_base_model]
[2025-03-25 07:56:38,098: INFO: common: created directory at: artifacts]
[2025-03-25 07:56:38,102: INFO: common: created directory at: artifacts/prepare_base_model]
[2025-03-25 07:56:43,932: WARNING: saving_utils: Compiled the loaded model, but the compiled metrics have yet to be built. `model.compile_metrics` will be empty until you train or evaluate the model.]
[2025-03-25 07:57:43,814: INFO: common: created directory at: artifacts]
[2025-03-25 07:57:43,817: INFO: common: created directory at: artifacts/prepare_base_model]
[2025-03-25 07:57:44,318: WARNING: saving_utils: Compiled the loaded model, but the compiled metrics have yet to be built. `model.compile_metrics` will be empty until you train or evaluate the model.]
[2025-03-25 08:15:33,457: INFO: main: >>>>>> stage Data Ingestion stage started <<<<<<]
[2025-03-25 08:15:33,457: INFO: common: created directory at: artifacts]
[2025-03-25 08:15:33,457: INFO: common: created directory at: artifacts/data_ingestion]
[2025-03-25 08:15:33,457: INFO: data_ingestion: Downloading data from https://drive.google.com/file/d/1vlhZ5c7abUKF8xXERIw6m9Te8fW7ohw3/view?usp=sharing into file artifacts/data_ingestion/data.zip]
[2025-03-25 08:15:38,934: INFO: data_ingestion: Downloaded data from https://drive.google.com/file/d/1vlhZ5c7abUKF8xXERIw6m9Te8fW7ohw3/view?usp=sharing into file artifacts/data_ingestion/data.zip]
[2025-03-25 08:15:43,521: INFO: main: >>>>>> stage Data Ingestion stage completed <<<<<<

x==========x]
[2025-03-25 08:15:43,521: INFO: main: *******************]
[2025-03-25 08:15:43,521: INFO: main: >>>>>> stage Prepare base model started <<<<<<]
[2025-03-25 08:15:43,521: ERROR: main: name 'PrepareBaseModelTrainingPipeline' is not defined]
Traceback (most recent call last):
  File "C:\Users\bayir\Documents\Kidney_Disease_Detection\main.py", line 22, in <module>
    prepare_base_model = PrepareBaseModelTrainingPipeline()
NameError: name 'PrepareBaseModelTrainingPipeline' is not defined
[2025-03-25 08:16:52,705: INFO: main: >>>>>> stage Data Ingestion stage started <<<<<<]
[2025-03-25 08:16:52,705: INFO: common: created directory at: artifacts]
[2025-03-25 08:16:52,705: INFO: common: created directory at: artifacts/data_ingestion]
[2025-03-25 08:16:52,714: INFO: data_ingestion: Downloading data from https://drive.google.com/file/d/1vlhZ5c7abUKF8xXERIw6m9Te8fW7ohw3/view?usp=sharing into file artifacts/data_ingestion/data.zip]
[2025-03-25 08:16:58,523: INFO: data_ingestion: Downloaded data from https://drive.google.com/file/d/1vlhZ5c7abUKF8xXERIw6m9Te8fW7ohw3/view?usp=sharing into file artifacts/data_ingestion/data.zip]
[2025-03-25 08:17:03,124: INFO: main: >>>>>> stage Data Ingestion stage completed <<<<<<

x==========x]
[2025-03-25 08:17:03,124: INFO: main: *******************]
[2025-03-25 08:17:03,124: INFO: main: >>>>>> stage Prepare base model started <<<<<<]
[2025-03-25 08:17:03,124: ERROR: main: name 'PrepareBaseModelTrainingPipeline' is not defined]
Traceback (most recent call last):
  File "C:\Users\bayir\Documents\Kidney_Disease_Detection\main.py", line 22, in <module>
    prepare_base_model = PrepareBaseModelTrainingPipeline()
NameError: name 'PrepareBaseModelTrainingPipeline' is not defined
[2025-03-25 08:19:50,455: INFO: main: >>>>>> stage Data Ingestion stage started <<<<<<]
[2025-03-25 08:19:50,460: INFO: common: created directory at: artifacts]
[2025-03-25 08:19:50,461: INFO: common: created directory at: artifacts/data_ingestion]
[2025-03-25 08:19:50,461: INFO: data_ingestion: Downloading data from https://drive.google.com/file/d/1vlhZ5c7abUKF8xXERIw6m9Te8fW7ohw3/view?usp=sharing into file artifacts/data_ingestion/data.zip]
[2025-03-25 08:19:56,858: INFO: data_ingestion: Downloaded data from https://drive.google.com/file/d/1vlhZ5c7abUKF8xXERIw6m9Te8fW7ohw3/view?usp=sharing into file artifacts/data_ingestion/data.zip]
[2025-03-25 08:20:02,719: INFO: main: >>>>>> stage Data Ingestion stage completed <<<<<<

x==========x]
[2025-03-25 08:20:02,719: INFO: main: *******************]
[2025-03-25 08:20:02,719: INFO: main: >>>>>> stage Prepare base model started <<<<<<]
[2025-03-25 08:20:02,732: INFO: common: created directory at: artifacts]
[2025-03-25 08:20:02,732: ERROR: main: 'ConfigurationManager' object has no attribute 'get_prepare_base_model_config']
Traceback (most recent call last):
  File "C:\Users\bayir\Documents\Kidney_Disease_Detection\main.py", line 23, in <module>
    prepare_base_model.main()
  File "c:\users\bayir\documents\kidney_disease_detection\src\CnnClassifier\pipeline\stage_02_prepare_base_model.py", line 15, in main
    prepare_base_model_config = config.get_prepare_base_model_config()
AttributeError: 'ConfigurationManager' object has no attribute 'get_prepare_base_model_config'
[2025-03-25 08:22:38,218: INFO: main: >>>>>> stage Data Ingestion stage started <<<<<<]
[2025-03-25 08:22:38,218: INFO: common: created directory at: artifacts]
[2025-03-25 08:22:38,218: INFO: common: created directory at: artifacts/data_ingestion]
[2025-03-25 08:22:38,218: INFO: data_ingestion: Downloading data from https://drive.google.com/file/d/1vlhZ5c7abUKF8xXERIw6m9Te8fW7ohw3/view?usp=sharing into file artifacts/data_ingestion/data.zip]
[2025-03-25 08:22:44,761: INFO: data_ingestion: Downloaded data from https://drive.google.com/file/d/1vlhZ5c7abUKF8xXERIw6m9Te8fW7ohw3/view?usp=sharing into file artifacts/data_ingestion/data.zip]
[2025-03-25 08:22:49,031: INFO: main: >>>>>> stage Data Ingestion stage completed <<<<<<

x==========x]
[2025-03-25 08:22:49,031: INFO: main: *******************]
[2025-03-25 08:22:49,031: INFO: main: >>>>>> stage Prepare base model started <<<<<<]
[2025-03-25 08:22:49,031: INFO: common: created directory at: artifacts]
[2025-03-25 08:22:49,031: INFO: common: created directory at: artifacts/prepare_base_model]
[2025-03-25 08:22:52,719: WARNING: saving_utils: Compiled the loaded model, but the compiled metrics have yet to be built. `model.compile_metrics` will be empty until you train or evaluate the model.]
[2025-03-25 08:22:53,020: INFO: main: >>>>>> stage Prepare base model completed <<<<<<

x==========x]
[2025-03-25 23:29:29,841: INFO: common: created directory at: artifacts]
[2025-03-25 23:29:51,231: INFO: common: created directory at: artifacts]
[2025-03-25 23:36:59,816: INFO: common: created directory at: artifacts]
[2025-03-25 23:38:38,726: INFO: common: created directory at: artifacts]
[2025-03-25 23:39:09,525: INFO: common: created directory at: artifacts]
[2025-03-25 23:41:06,412: INFO: common: created directory at: artifacts]
[2025-03-25 23:44:49,322: INFO: common: created directory at: artifacts]
[2025-03-25 23:47:00,679: INFO: common: created directory at: artifacts]
[2025-03-25 23:47:25,636: INFO: common: created directory at: artifacts]
[2025-03-25 23:48:30,098: INFO: common: created directory at: artifacts]
[2025-03-25 23:48:30,109: INFO: common: created directory at: {}]
[2025-03-25 23:49:59,293: INFO: common: created directory at: artifacts]
[2025-03-25 23:49:59,298: INFO: common: created directory at: {}]
[2025-03-25 23:50:27,510: WARNING: save: Found untraced functions such as _jit_compiled_convolution_op, _jit_compiled_convolution_op, _jit_compiled_convolution_op, _jit_compiled_convolution_op, _jit_compiled_convolution_op while saving (showing 5 of 13). These functions will not be directly callable after loading.]
[2025-03-25 23:50:28,458: INFO: builder_impl: Assets written to: {}\assets]
[2025-03-25 23:57:48,590: INFO: common: created directory at: artifacts]
[2025-03-26 00:00:01,851: INFO: common: created directory at: artifacts]
[2025-03-26 00:00:01,854: INFO: common: created directory at: artifacts/prepare_base_model]
[2025-03-26 00:00:10,086: WARNING: saving_utils: Compiled the loaded model, but the compiled metrics have yet to be built. `model.compile_metrics` will be empty until you train or evaluate the model.]
[2025-03-26 06:55:39,363: INFO: common: created directory at: artifacts]
[2025-03-26 07:01:35,033: INFO: common: created directory at: artifacts]
[2025-03-26 07:01:35,036: INFO: common: created directory at: artifacts\training]
[2025-03-26 07:02:32,425: INFO: common: created directory at: artifacts]
[2025-03-26 07:02:32,428: INFO: common: created directory at: artifacts\training]
[2025-03-26 07:14:06,422: INFO: main: >>>>>> stage Data Ingestion stage started <<<<<<]
[2025-03-26 07:14:06,426: INFO: common: created directory at: artifacts]
[2025-03-26 07:14:06,426: INFO: common: created directory at: artifacts/data_ingestion]
[2025-03-26 07:14:06,427: INFO: data_ingestion: Downloading data from https://drive.google.com/file/d/1vlhZ5c7abUKF8xXERIw6m9Te8fW7ohw3/view?usp=sharing into file artifacts/data_ingestion/data.zip]
[2025-03-26 07:14:09,986: INFO: data_ingestion: Downloaded data from https://drive.google.com/file/d/1vlhZ5c7abUKF8xXERIw6m9Te8fW7ohw3/view?usp=sharing into file artifacts/data_ingestion/data.zip]
[2025-03-26 07:14:15,042: INFO: main: >>>>>> stage Data Ingestion stage completed <<<<<<

x==========x]
[2025-03-26 07:14:15,042: INFO: main: *******************]
[2025-03-26 07:14:15,042: INFO: main: >>>>>> stage Prepare base model started <<<<<<]
[2025-03-26 07:14:15,046: INFO: common: created directory at: artifacts]
[2025-03-26 07:14:15,047: INFO: common: created directory at: artifacts/prepare_base_model]
[2025-03-26 07:14:17,002: WARNING: saving_utils: Compiled the loaded model, but the compiled metrics have yet to be built. `model.compile_metrics` will be empty until you train or evaluate the model.]
[2025-03-26 07:14:17,395: INFO: main: >>>>>> stage Prepare base model completed <<<<<<

x==========x]
[2025-03-26 07:14:17,395: INFO: main: *******************]
[2025-03-26 07:14:17,395: INFO: main: >>>>>> stage Training started <<<<<<]
[2025-03-26 07:14:17,400: INFO: common: created directory at: artifacts]
[2025-03-26 07:14:17,401: INFO: common: created directory at: artifacts\training]
[2025-03-26 07:15:51,259: INFO: main: >>>>>> stage Training completed <<<<<<

x==========x]
[2025-03-26 08:13:02,572: INFO: common: created directory at: artifacts]
[2025-03-26 08:13:22,333: INFO: common: json file saved at: scores.json]
[2025-03-26 08:16:53,171: INFO: common: created directory at: artifacts]
[2025-03-26 08:16:55,346: INFO: common: json file saved at: scores.json]
[2025-03-26 08:18:09,566: INFO: common: created directory at: artifacts]
[2025-03-26 08:18:11,737: INFO: common: json file saved at: scores.json]
[2025-03-26 08:18:13,796: WARNING: save: Found untraced functions such as _jit_compiled_convolution_op, _jit_compiled_convolution_op, _jit_compiled_convolution_op, _jit_compiled_convolution_op, _jit_compiled_convolution_op while saving (showing 5 of 13). These functions will not be directly callable after loading.]
[2025-03-26 08:18:15,635: INFO: builder_impl: Assets written to: C:\Users\bayir\AppData\Local\Temp\tmptqlyb0lk\model\data\model\assets]
[2025-03-26 08:46:43,481: INFO: main: >>>>>> stage Data Ingestion stage started <<<<<<]
[2025-03-26 08:46:43,491: INFO: common: created directory at: artifacts]
[2025-03-26 08:46:43,492: INFO: common: created directory at: artifacts/data_ingestion]
[2025-03-26 08:46:43,493: INFO: data_ingestion: Downloading data from https://drive.google.com/file/d/1vlhZ5c7abUKF8xXERIw6m9Te8fW7ohw3/view?usp=sharing into file artifacts/data_ingestion/data.zip]
[2025-03-26 08:46:47,442: INFO: data_ingestion: Downloaded data from https://drive.google.com/file/d/1vlhZ5c7abUKF8xXERIw6m9Te8fW7ohw3/view?usp=sharing into file artifacts/data_ingestion/data.zip]
[2025-03-26 08:47:17,798: INFO: main: >>>>>> stage Data Ingestion stage started <<<<<<]
[2025-03-26 08:47:17,805: INFO: common: created directory at: artifacts]
[2025-03-26 08:47:17,806: INFO: common: created directory at: artifacts/data_ingestion]
[2025-03-26 08:47:17,807: INFO: data_ingestion: Downloading data from https://drive.google.com/file/d/1vlhZ5c7abUKF8xXERIw6m9Te8fW7ohw3/view?usp=sharing into file artifacts/data_ingestion/data.zip]
[2025-03-26 08:47:24,141: INFO: data_ingestion: Downloaded data from https://drive.google.com/file/d/1vlhZ5c7abUKF8xXERIw6m9Te8fW7ohw3/view?usp=sharing into file artifacts/data_ingestion/data.zip]
[2025-03-26 08:47:30,764: INFO: main: >>>>>> stage Data Ingestion stage completed <<<<<<

x==========x]
[2025-03-26 08:47:30,764: INFO: main: *******************]
[2025-03-26 08:47:30,764: INFO: main: >>>>>> stage Prepare base model started <<<<<<]
[2025-03-26 08:47:30,764: INFO: common: created directory at: artifacts]
[2025-03-26 08:47:30,764: INFO: common: created directory at: artifacts/prepare_base_model]
[2025-03-26 08:47:34,576: WARNING: saving_utils: Compiled the loaded model, but the compiled metrics have yet to be built. `model.compile_metrics` will be empty until you train or evaluate the model.]
[2025-03-26 08:47:35,260: INFO: main: >>>>>> stage Prepare base model completed <<<<<<

x==========x]
[2025-03-26 08:47:35,260: INFO: main: *******************]
[2025-03-26 08:47:35,260: INFO: main: >>>>>> stage Training started <<<<<<]
[2025-03-26 08:47:35,265: INFO: common: created directory at: artifacts]
[2025-03-26 08:47:35,265: INFO: common: created directory at: artifacts\training]
[2025-03-26 08:47:59,973: INFO: main: >>>>>> stage Training completed <<<<<<

x==========x]
[2025-03-26 08:47:59,973: INFO: main: *******************]
[2025-03-26 08:47:59,973: INFO: main: >>>>>> stage Evaluation stage started <<<<<<]
[2025-03-26 08:47:59,978: INFO: common: created directory at: artifacts]
[2025-03-26 08:48:08,418: INFO: common: json file saved at: scores.json]
[2025-03-26 08:48:08,420: INFO: common: json file saved at: scores.json]
[2025-03-26 08:48:08,420: INFO: main: >>>>>> stage Evaluation stage completed <<<<<<

x==========x]
[2025-03-26 08:48:41,209: INFO: main: >>>>>> stage Data Ingestion stage started <<<<<<]
[2025-03-26 08:48:41,220: INFO: common: created directory at: artifacts]
[2025-03-26 08:48:41,220: INFO: common: created directory at: artifacts/data_ingestion]
[2025-03-26 08:48:41,222: INFO: data_ingestion: Downloading data from https://drive.google.com/file/d/1vlhZ5c7abUKF8xXERIw6m9Te8fW7ohw3/view?usp=sharing into file artifacts/data_ingestion/data.zip]
[2025-03-26 08:48:46,378: INFO: data_ingestion: Downloaded data from https://drive.google.com/file/d/1vlhZ5c7abUKF8xXERIw6m9Te8fW7ohw3/view?usp=sharing into file artifacts/data_ingestion/data.zip]
[2025-03-26 08:48:53,309: INFO: main: >>>>>> stage Data Ingestion stage completed <<<<<<

x==========x]
[2025-03-26 08:48:53,309: INFO: main: *******************]
[2025-03-26 08:48:53,309: INFO: main: >>>>>> stage Prepare base model started <<<<<<]
[2025-03-26 08:48:53,318: INFO: common: created directory at: artifacts]
[2025-03-26 08:48:53,318: INFO: common: created directory at: artifacts/prepare_base_model]
[2025-03-26 08:48:55,938: WARNING: saving_utils: Compiled the loaded model, but the compiled metrics have yet to be built. `model.compile_metrics` will be empty until you train or evaluate the model.]
[2025-03-26 08:48:56,444: INFO: main: >>>>>> stage Prepare base model completed <<<<<<

x==========x]
[2025-03-26 08:48:56,445: INFO: main: *******************]
[2025-03-26 08:48:56,445: INFO: main: >>>>>> stage Training started <<<<<<]
[2025-03-26 08:48:56,449: INFO: common: created directory at: artifacts]
[2025-03-26 08:48:56,449: INFO: common: created directory at: artifacts\training]
[2025-03-26 08:49:29,488: INFO: main: >>>>>> stage Training completed <<<<<<

x==========x]
[2025-03-26 08:49:29,489: INFO: main: *******************]
[2025-03-26 08:49:29,489: INFO: main: >>>>>> stage Evaluation stage started <<<<<<]
[2025-03-26 08:49:29,495: INFO: common: created directory at: artifacts]
[2025-03-26 08:49:37,328: INFO: common: json file saved at: scores.json]
[2025-03-26 08:49:37,330: INFO: common: json file saved at: scores.json]
[2025-03-26 08:49:37,331: INFO: main: >>>>>> stage Evaluation stage completed <<<<<<

x==========x]
[2025-03-26 08:50:05,735: INFO: main: >>>>>> stage Data Ingestion stage started <<<<<<]
[2025-03-26 08:50:05,743: INFO: common: created directory at: artifacts]
[2025-03-26 08:50:05,743: INFO: common: created directory at: artifacts/data_ingestion]
[2025-03-26 08:50:05,743: INFO: data_ingestion: Downloading data from https://drive.google.com/file/d/1vlhZ5c7abUKF8xXERIw6m9Te8fW7ohw3/view?usp=sharing into file artifacts/data_ingestion/data.zip]
[2025-03-26 08:50:11,022: INFO: data_ingestion: Downloaded data from https://drive.google.com/file/d/1vlhZ5c7abUKF8xXERIw6m9Te8fW7ohw3/view?usp=sharing into file artifacts/data_ingestion/data.zip]
[2025-03-26 08:50:15,827: INFO: main: >>>>>> stage Data Ingestion stage completed <<<<<<

x==========x]
[2025-03-26 08:50:15,827: INFO: main: *******************]
[2025-03-26 08:50:15,827: INFO: main: >>>>>> stage Prepare base model started <<<<<<]
[2025-03-26 08:50:15,827: INFO: common: created directory at: artifacts]
[2025-03-26 08:50:15,827: INFO: common: created directory at: artifacts/prepare_base_model]
[2025-03-26 08:50:18,343: WARNING: saving_utils: Compiled the loaded model, but the compiled metrics have yet to be built. `model.compile_metrics` will be empty until you train or evaluate the model.]
[2025-03-26 08:50:18,343: ERROR: main: [Errno 22] Unable to synchronously create file (unable to open file: name = 'artifacts\prepare_base_model\base_model.h5', errno = 22, error message = 'Invalid argument', flags = 13, o_flags = 302)]
Traceback (most recent call last):
  File "C:\Users\bayir\Documents\Kidney_Disease_Detection\main.py", line 24, in <module>
    prepare_base_model.main()
  File "c:\users\bayir\documents\kidney_disease_detection\src\CnnClassifier\pipeline\stage_02_prepare_base_model.py", line 17, in main
    prepare_base_model.get_base_model()
  File "c:\users\bayir\documents\kidney_disease_detection\src\CnnClassifier\components\prepare_base_model.py", line 18, in get_base_model
    self.save_model(path = self.config.base_model_path, model = self.model)
  File "c:\users\bayir\documents\kidney_disease_detection\src\CnnClassifier\components\prepare_base_model.py", line 53, in save_model
    model.save(path)
  File "C:\Users\bayir\anaconda3\envs\kideny\lib\site-packages\keras\utils\traceback_utils.py", line 70, in error_handler
    raise e.with_traceback(filtered_tb) from None
  File "C:\Users\bayir\anaconda3\envs\kideny\lib\site-packages\h5py\_hl\files.py", line 564, in __init__
    fid = make_fid(name, mode, userblock_size, fapl, fcpl, swmr=swmr)
  File "C:\Users\bayir\anaconda3\envs\kideny\lib\site-packages\h5py\_hl\files.py", line 244, in make_fid
    fid = h5f.create(name, h5f.ACC_TRUNC, fapl=fapl, fcpl=fcpl)
  File "h5py\\_objects.pyx", line 54, in h5py._objects.with_phil.wrapper
  File "h5py\\_objects.pyx", line 55, in h5py._objects.with_phil.wrapper
  File "h5py\\h5f.pyx", line 122, in h5py.h5f.create
OSError: [Errno 22] Unable to synchronously create file (unable to open file: name = 'artifacts\prepare_base_model\base_model.h5', errno = 22, error message = 'Invalid argument', flags = 13, o_flags = 302)
[2025-03-26 08:56:07,974: INFO: main: >>>>>> stage Data Ingestion stage started <<<<<<]
[2025-03-26 08:56:07,983: INFO: common: created directory at: artifacts]
[2025-03-26 08:56:07,983: INFO: common: created directory at: artifacts/data_ingestion]
[2025-03-26 08:56:07,983: INFO: data_ingestion: Downloading data from https://drive.google.com/file/d/1vlhZ5c7abUKF8xXERIw6m9Te8fW7ohw3/view?usp=sharing into file artifacts/data_ingestion/data.zip]
[2025-03-26 08:56:14,335: ERROR: main: [Errno 22] Invalid argument: 'artifacts/data_ingestion/data.zip']
Traceback (most recent call last):
  File "C:\Users\bayir\anaconda3\envs\kideny\lib\shutil.py", line 816, in move
    os.rename(src, real_dst)
FileExistsError: [WinError 183] Impossible de créer un fichier déjà existant: 'artifacts/data_ingestion\\data.zipc35in15t.part' -> 'artifacts/data_ingestion/data.zip'

During handling of the above exception, another exception occurred:

Traceback (most recent call last):
  File "C:\Users\bayir\Documents\Kidney_Disease_Detection\main.py", line 12, in <module>
    data_ingestion.main()
  File "c:\users\bayir\documents\kidney_disease_detection\src\CnnClassifier\pipeline\stage_01_data_ingestion.py", line 16, in main
    data_ingestion.download_file()
  File "c:\users\bayir\documents\kidney_disease_detection\src\CnnClassifier\components\data_ingestion.py", line 33, in download_file
    raise e
  File "c:\users\bayir\documents\kidney_disease_detection\src\CnnClassifier\components\data_ingestion.py", line 28, in download_file
    gdown.download(prefix+file_id,zip_download_dir)
  File "C:\Users\bayir\anaconda3\envs\kideny\lib\site-packages\gdown\download.py", line 381, in download
    shutil.move(tmp_file, output)
  File "C:\Users\bayir\anaconda3\envs\kideny\lib\shutil.py", line 836, in move
    copy_function(src, real_dst)
  File "C:\Users\bayir\anaconda3\envs\kideny\lib\shutil.py", line 434, in copy2
    copyfile(src, dst, follow_symlinks=follow_symlinks)
  File "C:\Users\bayir\anaconda3\envs\kideny\lib\shutil.py", line 256, in copyfile
    with open(dst, 'wb') as fdst:
OSError: [Errno 22] Invalid argument: 'artifacts/data_ingestion/data.zip'
[2025-03-26 08:57:33,106: INFO: main: >>>>>> stage Data Ingestion stage started <<<<<<]
[2025-03-26 08:57:33,106: INFO: common: created directory at: artifacts]
[2025-03-26 08:57:33,106: INFO: common: created directory at: artifacts/data_ingestion]
[2025-03-26 08:57:33,106: INFO: data_ingestion: Downloading data from https://drive.google.com/file/d/1vlhZ5c7abUKF8xXERIw6m9Te8fW7ohw3/view?usp=sharing into file artifacts/data_ingestion/data.zip]
[2025-03-26 08:57:38,571: INFO: data_ingestion: Downloaded data from https://drive.google.com/file/d/1vlhZ5c7abUKF8xXERIw6m9Te8fW7ohw3/view?usp=sharing into file artifacts/data_ingestion/data.zip]
[2025-03-26 08:57:43,616: INFO: main: >>>>>> stage Data Ingestion stage completed <<<<<<

x==========x]
[2025-03-26 08:57:43,616: INFO: main: *******************]
[2025-03-26 08:57:43,616: INFO: main: >>>>>> stage Prepare base model started <<<<<<]
[2025-03-26 08:57:43,627: INFO: common: created directory at: artifacts]
[2025-03-26 08:57:43,627: INFO: common: created directory at: artifacts/prepare_base_model]
[2025-03-26 08:57:47,655: WARNING: saving_utils: Compiled the loaded model, but the compiled metrics have yet to be built. `model.compile_metrics` will be empty until you train or evaluate the model.]
[2025-03-26 08:57:48,068: INFO: main: >>>>>> stage Prepare base model completed <<<<<<

x==========x]
[2025-03-26 08:57:48,068: INFO: main: *******************]
[2025-03-26 08:57:48,068: INFO: main: >>>>>> stage Training started <<<<<<]
[2025-03-26 08:57:48,068: INFO: common: created directory at: artifacts]
[2025-03-26 08:57:48,068: INFO: common: created directory at: artifacts\training]
[2025-03-26 08:58:20,648: INFO: main: >>>>>> stage Training completed <<<<<<

x==========x]
[2025-03-26 08:58:20,648: INFO: main: *******************]
[2025-03-26 08:58:20,649: INFO: main: >>>>>> stage Evaluation stage started <<<<<<]
[2025-03-26 08:58:20,660: INFO: common: created directory at: artifacts]
[2025-03-26 08:58:27,748: INFO: common: json file saved at: scores.json]
[2025-03-26 08:58:27,749: INFO: common: json file saved at: scores.json]
[2025-03-26 08:58:27,749: INFO: main: >>>>>> stage Evaluation stage completed <<<<<<

x==========x]
[2025-03-26 09:00:45,077: INFO: common: created directory at: artifacts]
[2025-03-26 09:01:03,452: INFO: common: json file saved at: scores.json]
[2025-03-26 09:01:06,653: WARNING: save: Found untraced functions such as _jit_compiled_convolution_op, _jit_compiled_convolution_op, _jit_compiled_convolution_op, _jit_compiled_convolution_op, _jit_compiled_convolution_op while saving (showing 5 of 13). These functions will not be directly callable after loading.]
[2025-03-26 09:01:07,612: INFO: builder_impl: Assets written to: C:\Users\bayir\AppData\Local\Temp\tmpdyg43bia\model\data\model\assets]
[2025-03-26 10:26:41,659: INFO: stage_01_data_ingestion: >>>>>> stage Data Ingestion stage started <<<<<<]
[2025-03-26 10:26:41,667: INFO: common: created directory at: artifacts]
[2025-03-26 10:26:41,668: INFO: common: created directory at: artifacts/data_ingestion]
[2025-03-26 10:26:41,669: INFO: data_ingestion: Downloading data from https://drive.google.com/file/d/1vlhZ5c7abUKF8xXERIw6m9Te8fW7ohw3/view?usp=sharing into file artifacts/data_ingestion/data.zip]
[2025-03-26 10:26:46,620: INFO: data_ingestion: Downloaded data from https://drive.google.com/file/d/1vlhZ5c7abUKF8xXERIw6m9Te8fW7ohw3/view?usp=sharing into file artifacts/data_ingestion/data.zip]
[2025-03-26 10:26:53,214: INFO: stage_01_data_ingestion: >>>>>> stage Data Ingestion stage completed <<<<<<

x==========x]
[2025-03-26 10:29:09,841: INFO: stage_01_data_ingestion: >>>>>> stage Data Ingestion stage started <<<<<<]
[2025-03-26 10:29:09,846: INFO: common: created directory at: artifacts]
[2025-03-26 10:29:09,846: INFO: common: created directory at: artifacts/data_ingestion]
[2025-03-26 10:29:09,847: INFO: data_ingestion: Downloading data from https://drive.google.com/file/d/1vlhZ5c7abUKF8xXERIw6m9Te8fW7ohw3/view?usp=sharing into file artifacts/data_ingestion/data.zip]
[2025-03-26 10:29:13,467: INFO: data_ingestion: Downloaded data from https://drive.google.com/file/d/1vlhZ5c7abUKF8xXERIw6m9Te8fW7ohw3/view?usp=sharing into file artifacts/data_ingestion/data.zip]
[2025-03-26 10:29:15,685: INFO: stage_01_data_ingestion: >>>>>> stage Data Ingestion stage completed <<<<<<

x==========x]
[2025-03-26 10:30:59,846: INFO: stage_01_data_ingestion: >>>>>> stage Data Ingestion stage started <<<<<<]
[2025-03-26 10:30:59,851: INFO: common: created directory at: artifacts]
[2025-03-26 10:30:59,851: INFO: common: created directory at: artifacts/data_ingestion]
[2025-03-26 10:30:59,852: INFO: data_ingestion: Downloading data from https://drive.google.com/file/d/1vlhZ5c7abUKF8xXERIw6m9Te8fW7ohw3/view?usp=sharing into file artifacts/data_ingestion/data.zip]
[2025-03-26 10:31:06,139: INFO: data_ingestion: Downloaded data from https://drive.google.com/file/d/1vlhZ5c7abUKF8xXERIw6m9Te8fW7ohw3/view?usp=sharing into file artifacts/data_ingestion/data.zip]
[2025-03-26 10:32:17,962: ERROR: stage_01_data_ingestion: [Errno 13] Permission denied: 'artifacts\\data_ingestion\\kidney-ct-scan-image\\Tumor\\Tumor- (998).jpg']
Traceback (most recent call last):
  File "C:\Users\bayir\Documents\Kidney_Disease_Detection\src\cnnClassifier\pipeline\stage_01_data_ingestion.py", line 25, in <module>
    obj.main()
  File "C:\Users\bayir\Documents\Kidney_Disease_Detection\src\cnnClassifier\pipeline\stage_01_data_ingestion.py", line 17, in main
    data_ingestion.extract_zip_file()
  File "c:\users\bayir\documents\kidney_disease_detection\src\CnnClassifier\components\data_ingestion.py", line 46, in extract_zip_file
    zip_ref.extractall(unzip_path)
  File "C:\Users\bayir\anaconda3\envs\kideny\lib\zipfile.py", line 1660, in extractall
    self._extract_member(zipinfo, path, pwd)
  File "C:\Users\bayir\anaconda3\envs\kideny\lib\zipfile.py", line 1714, in _extract_member
    open(targetpath, "wb") as target:
PermissionError: [Errno 13] Permission denied: 'artifacts\\data_ingestion\\kidney-ct-scan-image\\Tumor\\Tumor- (998).jpg'
[2025-03-26 10:41:30,185: INFO: stage_01_data_ingestion: >>>>>> stage Data Ingestion stage started <<<<<<]
[2025-03-26 10:41:30,188: INFO: common: created directory at: artifacts]
[2025-03-26 10:41:30,188: INFO: common: created directory at: artifacts/data_ingestion]
[2025-03-26 10:41:30,188: INFO: data_ingestion: Downloading data from https://drive.google.com/file/d/1vlhZ5c7abUKF8xXERIw6m9Te8fW7ohw3/view?usp=sharing into file artifacts/data_ingestion/data.zip]
[2025-03-26 10:41:35,378: INFO: data_ingestion: Downloaded data from https://drive.google.com/file/d/1vlhZ5c7abUKF8xXERIw6m9Te8fW7ohw3/view?usp=sharing into file artifacts/data_ingestion/data.zip]
[2025-03-26 10:41:36,694: INFO: stage_01_data_ingestion: >>>>>> stage Data Ingestion stage completed <<<<<<

x==========x]
[2025-03-26 10:41:45,139: INFO: stage_02_prepare_base_model: *******************]
[2025-03-26 10:41:45,141: INFO: stage_02_prepare_base_model: >>>>>> stage Prepare base model started <<<<<<]
[2025-03-26 10:41:45,145: INFO: common: created directory at: artifacts]
[2025-03-26 10:41:45,145: INFO: common: created directory at: artifacts/prepare_base_model]
[2025-03-26 10:41:48,187: WARNING: saving_utils: Compiled the loaded model, but the compiled metrics have yet to be built. `model.compile_metrics` will be empty until you train or evaluate the model.]
[2025-03-26 10:41:48,790: INFO: stage_02_prepare_base_model: >>>>>> stage Prepare base model completed <<<<<<

x==========x]
[2025-03-26 10:41:53,432: INFO: stage_03_model_training: *******************]
[2025-03-26 10:41:53,432: INFO: stage_03_model_training: >>>>>> stage Training started <<<<<<]
[2025-03-26 10:41:53,432: INFO: common: created directory at: artifacts]
[2025-03-26 10:41:53,437: INFO: common: created directory at: artifacts\training]
[2025-03-26 10:42:34,158: INFO: stage_03_model_training: >>>>>> stage Training completed <<<<<<

x==========x]
[2025-03-26 10:42:49,800: INFO: stage_04_model_evaluation: *******************]
[2025-03-26 10:42:49,801: INFO: stage_04_model_evaluation: >>>>>> stage Evaluation stage started <<<<<<]
[2025-03-26 10:42:49,806: INFO: common: created directory at: artifacts]
[2025-03-26 10:43:08,398: INFO: common: json file saved at: scores.json]
[2025-03-26 10:43:08,400: INFO: common: json file saved at: scores.json]
[2025-03-26 10:43:08,400: INFO: stage_04_model_evaluation: >>>>>> stage Evaluation stage completed <<<<<<

x==========x]
[2025-03-26 13:46:28,373: INFO: _internal: [31m[1mWARNING: This is a development server. Do not use it in a production deployment. Use a production WSGI server instead.[0m
 * Running on all addresses (0.0.0.0)
 * Running on http://127.0.0.1:8080
 * Running on http://192.168.1.175:8080]
[2025-03-26 13:46:28,374: INFO: _internal: [33mPress CTRL+C to quit[0m]
[2025-03-26 13:47:32,832: INFO: _internal: 127.0.0.1 - - [26/Mar/2025 13:47:32] "GET / HTTP/1.1" 200 -]
[2025-03-26 13:47:57,741: ERROR: app: Exception on /predict [POST]]
Traceback (most recent call last):
  File "C:\Users\bayir\anaconda3\envs\kideny\lib\site-packages\flask\app.py", line 2190, in wsgi_app
    response = self.full_dispatch_request()
  File "C:\Users\bayir\anaconda3\envs\kideny\lib\site-packages\flask\app.py", line 1486, in full_dispatch_request
    rv = self.handle_user_exception(e)
  File "C:\Users\bayir\anaconda3\envs\kideny\lib\site-packages\flask_cors\extension.py", line 176, in wrapped_function
    return cors_after_request(app.make_response(f(*args, **kwargs)))
  File "C:\Users\bayir\anaconda3\envs\kideny\lib\site-packages\flask\app.py", line 1484, in full_dispatch_request
    rv = self.dispatch_request()
  File "C:\Users\bayir\anaconda3\envs\kideny\lib\site-packages\flask\app.py", line 1469, in dispatch_request
    return self.ensure_sync(self.view_functions[rule.endpoint])(**view_args)
  File "C:\Users\bayir\anaconda3\envs\kideny\lib\site-packages\flask_cors\decorator.py", line 121, in wrapped_function
    resp = make_response(f(*args, **kwargs))
  File "C:\Users\bayir\Documents\Kidney_Disease_Detection\app.py", line 39, in predictRoute
    result = clApp.classifier.predict()
  File "c:\users\bayir\documents\kidney_disease_detection\src\CnnClassifier\pipeline\prediction.py", line 13, in predict
    model = load_model(os.path.join("model", "model.h5"))
  File "C:\Users\bayir\anaconda3\envs\kideny\lib\site-packages\keras\utils\traceback_utils.py", line 70, in error_handler
    raise e.with_traceback(filtered_tb) from None
  File "C:\Users\bayir\anaconda3\envs\kideny\lib\site-packages\keras\saving\save.py", line 226, in load_model
    raise IOError(
OSError: No file or directory found at model\model.h5
[2025-03-26 13:47:57,741: INFO: _internal: 127.0.0.1 - - [26/Mar/2025 13:47:57] "[35m[1mPOST /predict HTTP/1.1[0m" 500 -]
[2025-03-26 13:49:36,961: INFO: _internal: 127.0.0.1 - - [26/Mar/2025 13:49:36] "GET / HTTP/1.1" 200 -]
[2025-03-26 13:49:43,339: ERROR: app: Exception on /predict [POST]]
Traceback (most recent call last):
  File "C:\Users\bayir\anaconda3\envs\kideny\lib\site-packages\flask\app.py", line 2190, in wsgi_app
    response = self.full_dispatch_request()
  File "C:\Users\bayir\anaconda3\envs\kideny\lib\site-packages\flask\app.py", line 1486, in full_dispatch_request
    rv = self.handle_user_exception(e)
  File "C:\Users\bayir\anaconda3\envs\kideny\lib\site-packages\flask_cors\extension.py", line 176, in wrapped_function
    return cors_after_request(app.make_response(f(*args, **kwargs)))
  File "C:\Users\bayir\anaconda3\envs\kideny\lib\site-packages\flask\app.py", line 1484, in full_dispatch_request
    rv = self.dispatch_request()
  File "C:\Users\bayir\anaconda3\envs\kideny\lib\site-packages\flask\app.py", line 1469, in dispatch_request
    return self.ensure_sync(self.view_functions[rule.endpoint])(**view_args)
  File "C:\Users\bayir\anaconda3\envs\kideny\lib\site-packages\flask_cors\decorator.py", line 121, in wrapped_function
    resp = make_response(f(*args, **kwargs))
  File "C:\Users\bayir\Documents\Kidney_Disease_Detection\app.py", line 39, in predictRoute
    result = clApp.classifier.predict()
  File "c:\users\bayir\documents\kidney_disease_detection\src\CnnClassifier\pipeline\prediction.py", line 13, in predict
    model = load_model(os.path.join("model", "model.h5"))
  File "C:\Users\bayir\anaconda3\envs\kideny\lib\site-packages\keras\utils\traceback_utils.py", line 70, in error_handler
    raise e.with_traceback(filtered_tb) from None
  File "C:\Users\bayir\anaconda3\envs\kideny\lib\site-packages\keras\saving\save.py", line 226, in load_model
    raise IOError(
OSError: No file or directory found at model\model.h5
[2025-03-26 13:49:43,340: INFO: _internal: 127.0.0.1 - - [26/Mar/2025 13:49:43] "[35m[1mPOST /predict HTTP/1.1[0m" 500 -]
[2025-03-28 09:03:44,658: INFO: _internal: [31m[1mWARNING: This is a development server. Do not use it in a production deployment. Use a production WSGI server instead.[0m
 * Running on all addresses (0.0.0.0)
 * Running on http://127.0.0.1:8080
 * Running on http://192.168.1.176:8080]
[2025-03-28 09:03:44,659: INFO: _internal: [33mPress CTRL+C to quit[0m]
[2025-03-28 09:03:52,481: INFO: _internal: 192.168.1.176 - - [28/Mar/2025 09:03:52] "GET / HTTP/1.1" 200 -]
[2025-03-28 09:04:06,776: INFO: _internal: 192.168.1.176 - - [28/Mar/2025 09:04:06] "POST /predict HTTP/1.1" 200 -]
[2025-03-28 10:59:45,604: INFO: _internal: [31m[1mWARNING: This is a development server. Do not use it in a production deployment. Use a production WSGI server instead.[0m
 * Running on all addresses (0.0.0.0)
 * Running on http://127.0.0.1:8080
 * Running on http://192.168.1.176:8080]
[2025-03-28 10:59:45,605: INFO: _internal: [33mPress CTRL+C to quit[0m]
[2025-03-28 10:59:52,885: INFO: _internal: 127.0.0.1 - - [28/Mar/2025 10:59:52] "GET / HTTP/1.1" 200 -]
[2025-03-28 11:00:09,293: INFO: _internal: 127.0.0.1 - - [28/Mar/2025 11:00:09] "POST /predict HTTP/1.1" 200 -]
[2025-03-28 11:00:45,820: INFO: _internal: 127.0.0.1 - - [28/Mar/2025 11:00:45] "POST /predict HTTP/1.1" 200 -]
[2025-03-28 11:00:47,904: INFO: _internal: 127.0.0.1 - - [28/Mar/2025 11:00:47] "POST /predict HTTP/1.1" 200 -]
[2025-03-28 11:14:23,920: ERROR: app: Exception on /predict [POST]]
Traceback (most recent call last):
  File "C:\Users\bayir\anaconda3\envs\kideny\lib\site-packages\flask\app.py", line 2190, in wsgi_app
    response = self.full_dispatch_request()
  File "C:\Users\bayir\anaconda3\envs\kideny\lib\site-packages\flask\app.py", line 1486, in full_dispatch_request
    rv = self.handle_user_exception(e)
  File "C:\Users\bayir\anaconda3\envs\kideny\lib\site-packages\flask_cors\extension.py", line 176, in wrapped_function
    return cors_after_request(app.make_response(f(*args, **kwargs)))
  File "C:\Users\bayir\anaconda3\envs\kideny\lib\site-packages\flask\app.py", line 1484, in full_dispatch_request
    rv = self.dispatch_request()
  File "C:\Users\bayir\anaconda3\envs\kideny\lib\site-packages\flask\app.py", line 1469, in dispatch_request
    return self.ensure_sync(self.view_functions[rule.endpoint])(**view_args)
  File "C:\Users\bayir\anaconda3\envs\kideny\lib\site-packages\flask_cors\decorator.py", line 121, in wrapped_function
    resp = make_response(f(*args, **kwargs))
  File "C:\Users\bayir\Documents\Kidney_Disease_Detection\app.py", line 39, in predictRoute
    result = clApp.classifier.predict()
  File "c:\users\bayir\documents\kidney_disease_detection\src\CnnClassifier\pipeline\prediction.py", line 16, in predict
    test_image = image.load_img(imagename, target_size = (224, 224))
  File "C:\Users\bayir\anaconda3\envs\kideny\lib\site-packages\keras\utils\image_utils.py", line 423, in load_img
    img = pil_image.open(io.BytesIO(f.read()))
  File "C:\Users\bayir\anaconda3\envs\kideny\lib\site-packages\PIL\Image.py", line 3532, in open
    raise UnidentifiedImageError(msg)
PIL.UnidentifiedImageError: cannot identify image file <_io.BytesIO object at 0x000002B58A409710>
[2025-03-28 11:14:23,961: INFO: _internal: 127.0.0.1 - - [28/Mar/2025 11:14:23] "[35m[1mPOST /predict HTTP/1.1[0m" 500 -]
[2025-03-28 11:14:33,292: INFO: _internal: 127.0.0.1 - - [28/Mar/2025 11:14:33] "GET / HTTP/1.1" 200 -]
[2025-03-28 11:14:41,061: INFO: _internal: 127.0.0.1 - - [28/Mar/2025 11:14:41] "POST /predict HTTP/1.1" 200 -]
[2025-03-28 11:30:51,139: INFO: _internal: [31m[1mWARNING: This is a development server. Do not use it in a production deployment. Use a production WSGI server instead.[0m
 * Running on all addresses (0.0.0.0)
 * Running on http://127.0.0.1:8080
 * Running on http://192.168.1.176:8080]
[2025-03-28 11:30:51,140: INFO: _internal: [33mPress CTRL+C to quit[0m]
[2025-03-28 11:30:53,843: INFO: _internal: 127.0.0.1 - - [28/Mar/2025 11:30:53] "GET / HTTP/1.1" 200 -]
[2025-03-28 11:30:59,951: INFO: _internal: 192.168.1.176 - - [28/Mar/2025 11:30:59] "GET / HTTP/1.1" 200 -]
[2025-03-28 11:31:06,563: INFO: _internal: 127.0.0.1 - - [28/Mar/2025 11:31:06] "[33mPOST /predict HTTP/1.1[0m" 404 -]
[2025-04-06 12:36:25,941: INFO: main: >>>>>> stage Data Ingestion stage started <<<<<<]
[2025-04-06 12:36:25,941: INFO: common: created directory at: artifacts]
[2025-04-06 12:36:25,941: INFO: common: created directory at: artifacts/data_ingestion]
[2025-04-06 12:36:25,956: INFO: data_ingestion: Downloading data from https://drive.google.com/file/d/1vlhZ5c7abUKF8xXERIw6m9Te8fW7ohw3/view?usp=sharing into file artifacts/data_ingestion/data.zip]
[2025-04-06 12:36:31,868: INFO: data_ingestion: Downloaded data from https://drive.google.com/file/d/1vlhZ5c7abUKF8xXERIw6m9Te8fW7ohw3/view?usp=sharing into file artifacts/data_ingestion/data.zip]
[2025-04-06 12:36:36,995: INFO: main: >>>>>> stage Data Ingestion stage completed <<<<<<

x==========x]
[2025-04-06 12:36:36,995: INFO: main: *******************]
[2025-04-06 12:36:36,995: INFO: main: >>>>>> stage Prepare base model started <<<<<<]
[2025-04-06 12:36:37,011: INFO: common: created directory at: artifacts]
[2025-04-06 12:36:37,011: INFO: common: created directory at: artifacts/prepare_base_model]
[2025-04-06 12:36:40,345: WARNING: saving_utils: Compiled the loaded model, but the compiled metrics have yet to be built. `model.compile_metrics` will be empty until you train or evaluate the model.]
[2025-04-06 12:36:41,261: INFO: main: >>>>>> stage Prepare base model completed <<<<<<

x==========x]
[2025-04-06 12:36:41,262: INFO: main: *******************]
[2025-04-06 12:36:41,263: INFO: main: >>>>>> stage Training started <<<<<<]
[2025-04-06 12:36:41,268: INFO: common: created directory at: artifacts]
[2025-04-06 12:36:41,269: INFO: common: created directory at: artifacts\training]
[2025-04-06 12:37:11,751: INFO: main: >>>>>> stage Training completed <<<<<<

x==========x]
[2025-04-06 12:37:11,751: INFO: main: *******************]
[2025-04-06 12:37:11,751: INFO: main: >>>>>> stage Evaluation stage started <<<<<<]
[2025-04-06 12:37:11,751: INFO: common: created directory at: artifacts]
[2025-04-06 12:37:18,607: INFO: common: json file saved at: scores.json]
[2025-04-06 12:37:18,607: INFO: common: json file saved at: scores.json]
[2025-04-06 12:37:18,607: INFO: main: >>>>>> stage Evaluation stage completed <<<<<<

x==========x]
[2025-04-07 13:07:56,387: INFO: common: created directory at: artifacts]
[2025-04-07 13:07:56,389: INFO: common: created directory at: artifacts/data_ingestion]
[2025-04-07 13:07:56,391: INFO: 986331348: Downloading data from https://drive.google.com/file/d/1vlhZ5c7abUKF8xXERIw6m9Te8fW7ohw3/view?usp=sharing into file artifacts/data_ingestion/data.zip]
[2025-04-07 13:08:03,602: INFO: 986331348: Downloaded data from https://drive.google.com/file/d/1vlhZ5c7abUKF8xXERIw6m9Te8fW7ohw3/view?usp=sharing into file artifacts/data_ingestion/data.zip]
